<?xml version="1.0" encoding="UTF-8"?>
<!-- Generated by org.testng.reporters.JUnitReportReporter -->
<testsuite hostname="DESKTOP-M0UH53U" failures="0" tests="3" name="com.itview.testng.CrossBrowserTest" time="49.309" errors="0" timestamp="2023-10-01T11:25:45 IST" skipped="0">
  <testcase classname="com.itview.testng.CrossBrowserTest" name="chromeBrowser" time="12.947"/>
  <system-out/>
  <testcase classname="com.itview.testng.CrossBrowserTest" name="firefoxBrowser" time="23.972"/>
  <system-out/>
  <testcase classname="com.itview.testng.CrossBrowserTest" name="edgeBrowser" time="12.390"/>
  <system-out/>
</testsuite> <!-- com.itview.testng.CrossBrowserTest -->
