<?xml version="1.0" encoding="UTF-8"?>
<!-- Generated by org.testng.reporters.JUnitReportReporter -->
<testsuite hostname="DESKTOP-M0UH53U" failures="0" tests="6" name="com.itview.testng.WebObjectCode" time="4.721" errors="0" timestamp="2023-09-16T12:23:20 IST" skipped="0">
  <testcase classname="com.itview.testng.WebObjectCode" name="handleTextBox" time="3.626"/>
  <system-out/>
  <testcase classname="com.itview.testng.WebObjectCode" name="verifyValueFromTextBox" time="0.129"/>
  <system-out/>
  <testcase classname="com.itview.testng.WebObjectCode" name="handleRadioButton_Checkbox" time="0.268"/>
  <system-out/>
  <testcase classname="com.itview.testng.WebObjectCode" name="handleDropDownList" time="0.145"/>
  <system-out/>
  <testcase classname="com.itview.testng.WebObjectCode" name="printValueDropDownList" time="0.162"/>
  <system-out/>
  <testcase classname="com.itview.testng.WebObjectCode" name="verifyValueDropDownList" time="0.391"/>
  <system-out/>
</testsuite> <!-- com.itview.testng.WebObjectCode -->
