<?xml version="1.0" encoding="UTF-8"?>
<!-- Generated by org.testng.reporters.JUnitReportReporter -->
<testsuite hostname="DESKTOP-M0UH53U" failures="0" tests="1" name="com.itview.testng.LoginTestAdmin" time="5.866" errors="0" timestamp="2023-09-09T11:11:06 IST" skipped="0">
  <testcase classname="com.itview.testng.LoginTestAdmin" name="adminLoginTest" time="5.866"/>
  <system-out>
    <![CDATA[Admin Login Successfully..]]>
  </system-out>
</testsuite> <!-- com.itview.testng.LoginTestAdmin -->
