<?xml version="1.0" encoding="UTF-8"?>
<!-- Generated by org.testng.reporters.JUnitReportReporter -->
<testsuite hostname="DESKTOP-M0UH53U" failures="0" tests="1" name="com.itview.webobject.Code_For_navigate_4" time="22.997" errors="0" timestamp="2023-09-17T10:29:57 IST" skipped="0">
  <testcase classname="com.itview.webobject.Code_For_navigate_4" name="Code_For_navigate" time="22.997"/>
  <system-out/>
</testsuite> <!-- com.itview.webobject.Code_For_navigate_4 -->
