<?xml version="1.0" encoding="UTF-8"?>
<!-- Generated by org.testng.reporters.JUnitReportReporter -->
<testsuite hostname="DESKTOP-M0UH53U" failures="0" tests="2" name="com.itview.webobject.Code_For_WindowTab_8" time="26.074" errors="0" timestamp="2023-09-17T11:39:34 IST" skipped="0">
  <testcase classname="com.itview.webobject.Code_For_WindowTab_8" name="Tab" time="0.007"/>
  <system-out/>
  <testcase classname="com.itview.webobject.Code_For_WindowTab_8" name="tabFlipkart" time="26.067"/>
  <system-out/>
</testsuite> <!-- com.itview.webobject.Code_For_WindowTab_8 -->
