<?xml version="1.0" encoding="UTF-8"?>
<!-- Generated by org.testng.reporters.JUnitReportReporter -->
<testsuite hostname="DESKTOP-M0UH53U" failures="0" tests="1" name="com.itview.webobject.Code_For_MouseHandle_7" time="4.095" errors="0" timestamp="2023-09-17T11:10:10 IST" skipped="0">
  <testcase classname="com.itview.webobject.Code_For_MouseHandle_7" name="Code_For_MouseHandle_Test" time="4.095"/>
  <system-out/>
</testsuite> <!-- com.itview.webobject.Code_For_MouseHandle_7 -->
