<?xml version="1.0" encoding="UTF-8"?>
<!-- Generated by org.testng.reporters.JUnitReportReporter -->
<testsuite hostname="DESKTOP-M0UH53U" failures="0" tests="3" name="com.itview.keyworddriven_test.CarEMI_Test" time="31.435" errors="0" timestamp="2023-10-07T12:58:22 IST" skipped="0">
  <testcase classname="com.itview.keyworddriven_test.CarEMI_Test" name="loanAmt_1_lakh" time="14.724"/>
  <system-out>
    <![CDATA[Test Case Passed : Verify Loan Amount of 1 lac]]>
  </system-out>
  <testcase classname="com.itview.keyworddriven_test.CarEMI_Test" name="loanAmt_2_lakh" time="8.613"/>
  <system-out>
    <![CDATA[Test Case Passed : Verify Loan Amount of 2 lac]]>
  </system-out>
  <testcase classname="com.itview.keyworddriven_test.CarEMI_Test" name="loanAmt_3_lakh" time="8.098"/>
  <system-out>
    <![CDATA[Test Case Passed : Verify Loan Amount of 3 lac]]>
  </system-out>
</testsuite> <!-- com.itview.keyworddriven_test.CarEMI_Test -->
