<?xml version="1.0" encoding="UTF-8"?>
<!-- Generated by org.testng.reporters.JUnitReportReporter -->
<testsuite hostname="DESKTOP-M0UH53U" failures="0" tests="1" name="com.itview.keyworddriven_test.FD_Excel" time="12.839" errors="0" timestamp="2023-10-14T12:24:07 IST" skipped="0">
  <testcase classname="com.itview.keyworddriven_test.FD_Excel" name="fd" time="12.839"/>
  <system-out/>
</testsuite> <!-- com.itview.keyworddriven_test.FD_Excel -->
