<?xml version="1.0" encoding="UTF-8"?>
<!-- Generated by org.testng.reporters.JUnitReportReporter -->
<testsuite hostname="DESKTOP-M0UH53U" failures="0" tests="2" name="com.itview.testng.SoftAssertCode" time="5.293" errors="0" timestamp="2023-09-10T11:16:03 IST" skipped="0">
  <testcase classname="com.itview.testng.SoftAssertCode" name="loginTest" time="2.424"/>
  <system-out/>
  <testcase classname="com.itview.testng.SoftAssertCode" name="logoutTest" time="2.869"/>
  <system-out/>
</testsuite> <!-- com.itview.testng.SoftAssertCode -->
