<?xml version="1.0" encoding="UTF-8"?>
<!-- Generated by org.testng.reporters.JUnitReportReporter -->
<testsuite hostname="DESKTOP-M0UH53U" failures="0" tests="1" name="com.itview.webobject.Code_For_Screenshot_10" time="7.125" errors="0" timestamp="2023-09-17T12:17:12 IST" skipped="0">
  <testcase classname="com.itview.webobject.Code_For_Screenshot_10" name="Code_For_Screenshot" time="7.125"/>
  <system-out/>
</testsuite> <!-- com.itview.webobject.Code_For_Screenshot_10 -->
