<?xml version="1.0" encoding="UTF-8"?>
<!-- Generated by org.testng.reporters.JUnitReportReporter -->
<testsuite hostname="DESKTOP-M0UH53U" failures="0" tests="1" name="com.itview.webobject.Test_1_Count_WebObject" time="3.811" errors="0" timestamp="2023-09-16T12:42:18 IST" skipped="0">
  <testcase classname="com.itview.webobject.Test_1_Count_WebObject" name="count" time="3.811"/>
  <system-out/>
</testsuite> <!-- com.itview.webobject.Test_1_Count_WebObject -->
