<?xml version="1.0" encoding="UTF-8"?>
<!-- Generated by org.testng.reporters.JUnitReportReporter -->
<testsuite hostname="DESKTOP-M0UH53U" failures="0" tests="3" name="com.itview.keyworddriven_test.FD_DataProvider" time="21.141" errors="0" timestamp="2023-10-14T12:34:22 IST" skipped="0">
  <testcase classname="com.itview.keyworddriven_test.FD_DataProvider" name="f" time="13.888"/>
  <system-out/>
  <testcase classname="com.itview.keyworddriven_test.FD_DataProvider" name="f" time="3.454"/>
  <system-out/>
  <testcase classname="com.itview.keyworddriven_test.FD_DataProvider" name="f" time="3.799"/>
  <system-out/>
</testsuite> <!-- com.itview.keyworddriven_test.FD_DataProvider -->
