<?xml version="1.0" encoding="UTF-8"?>
<!-- Generated by org.testng.reporters.JUnitReportReporter -->
<testsuite hostname="DESKTOP-M0UH53U" failures="0" tests="1" name="com.itview.webobject.Code_For_WindowSize_5" time="8.897" errors="0" timestamp="2023-09-17T10:38:05 IST" skipped="0">
  <testcase classname="com.itview.webobject.Code_For_WindowSize_5" name="Code_For_WindowSize" time="8.897"/>
  <system-out/>
</testsuite> <!-- com.itview.webobject.Code_For_WindowSize_5 -->
