<?xml version="1.0" encoding="UTF-8"?>
<!-- Generated by org.testng.reporters.JUnitReportReporter -->
<testsuite hostname="DESKTOP-M0UH53U" failures="0" tests="2" name="com.itview.testng.HardAssertCode" time="5.192" errors="0" timestamp="2023-09-10T11:03:29 IST" skipped="0">
  <testcase classname="com.itview.testng.HardAssertCode" name="loginTest" time="2.344"/>
  <system-out/>
  <testcase classname="com.itview.testng.HardAssertCode" name="logoutTest" time="2.848"/>
  <system-out/>
</testsuite> <!-- com.itview.testng.HardAssertCode -->
