<?xml version="1.0" encoding="UTF-8"?>
<!-- Generated by org.testng.reporters.JUnitReportReporter -->
<testsuite hostname="DESKTOP-M0UH53U" failures="0" tests="1" name="com.itview.webobject.Code_For_JavaScriptExecutor_9" time="26.850" errors="0" timestamp="2023-09-17T12:04:25 IST" skipped="0">
  <testcase classname="com.itview.webobject.Code_For_JavaScriptExecutor_9" name="Code_For_JavaScriptExecutor_Test" time="26.850"/>
  <system-out/>
</testsuite> <!-- com.itview.webobject.Code_For_JavaScriptExecutor_9 -->
