<?xml version="1.0" encoding="UTF-8"?>
<!-- Generated by org.testng.reporters.JUnitReportReporter -->
<testsuite hostname="DESKTOP-M0UH53U" failures="0" tests="1" name="com.itview.testng.OrangeHRM" time="9.701" errors="0" timestamp="2023-09-30T11:35:56 IST" skipped="0">
  <testcase classname="com.itview.testng.OrangeHRM" name="loginOrangeHRM" time="9.701"/>
  <system-out>
    <![CDATA[loginOrangeHRM Executed
Test Case Passed : Verify Login Functionalty]]>
  </system-out>
</testsuite> <!-- com.itview.testng.OrangeHRM -->
