<?xml version="1.0" encoding="UTF-8"?>
<!-- Generated by org.testng.reporters.JUnitReportReporter -->
<testsuite hostname="DESKTOP-M0UH53U" failures="0" tests="3" name="com.itview.testng.LoginTestCase" time="18.173" errors="0" timestamp="2023-09-30T11:35:56 IST" skipped="0">
  <testcase classname="com.itview.testng.LoginTestCase" name="adminLoginTest" time="7.457"/>
  <system-out>
    <![CDATA[Test Case Passed : Test Case to verify Login functionality for Admin User]]>
  </system-out>
  <testcase classname="com.itview.testng.LoginTestCase" name="testLoginTest" time="5.615"/>
  <system-out>
    <![CDATA[Test Case Passed : Test Case to verify Login functionality for test User]]>
  </system-out>
  <testcase classname="com.itview.testng.LoginTestCase" name="jsmithLoginTest" time="5.101"/>
  <system-out>
    <![CDATA[Test Case Passed : Test Case to verify Login functionality for JSmith User]]>
  </system-out>
</testsuite> <!-- com.itview.testng.LoginTestCase -->
