<?xml version="1.0" encoding="UTF-8"?>
<!-- Generated by org.testng.reporters.JUnitReportReporter -->
<testsuite hostname="DESKTOP-M0UH53U" failures="0" tests="1" name="com.itview.webobject.Test_3_Frame_WebObject" time="4.169" errors="0" timestamp="2023-09-16T13:00:46 IST" skipped="0">
  <testcase classname="com.itview.webobject.Test_3_Frame_WebObject" name="count" time="4.169"/>
  <system-out/>
</testsuite> <!-- com.itview.webobject.Test_3_Frame_WebObject -->
