<?xml version="1.0" encoding="UTF-8"?>
<!-- Generated by org.testng.reporters.JUnitReportReporter -->
<testsuite hostname="DESKTOP-M0UH53U" failures="0" tests="3" name="com.itview.keyworddriven_test.FD_DataProvider_keywordDriven" time="128.644" errors="0" timestamp="2023-10-14T12:57:02 IST" skipped="0">
  <testcase classname="com.itview.keyworddriven_test.FD_DataProvider_keywordDriven" name="f" time="62.981"/>
  <system-out/>
  <testcase classname="com.itview.keyworddriven_test.FD_DataProvider_keywordDriven" name="f" time="62.838"/>
  <system-out/>
  <testcase classname="com.itview.keyworddriven_test.FD_DataProvider_keywordDriven" name="f" time="2.825"/>
  <system-out/>
</testsuite> <!-- com.itview.keyworddriven_test.FD_DataProvider_keywordDriven -->
