<?xml version="1.0" encoding="UTF-8"?>
<!-- Generated by org.testng.reporters.JUnitReportReporter -->
<testsuite hostname="DESKTOP-M0UH53U" failures="0" tests="1" name="com.itview.webobject.Code_For_KeyboardHandle_6" time="18.480" errors="0" timestamp="2023-09-17T10:54:12 IST" skipped="0">
  <testcase classname="com.itview.webobject.Code_For_KeyboardHandle_6" name="Code_For_KeyboardHandle_Test" time="18.480"/>
  <system-out/>
</testsuite> <!-- com.itview.webobject.Code_For_KeyboardHandle_6 -->
