<?xml version="1.0" encoding="UTF-8"?>
<!-- Generated by org.testng.reporters.JUnitReportReporter -->
<testsuite skipped="0" hostname="DESKTOP-M0UH53U" name="com.itview.testng.OrangeHRM" tests="1" failures="0" timestamp="2023-10-21T11:48:39 IST" time="15.906" errors="0">
  <testcase name="loginOrangeHRM" time="15.906" classname="com.itview.testng.OrangeHRM"/>
  <system-out>
    <![CDATA[loginOrangeHRM Executed
Test Case Passed : Verify Login Functionalty]]>
  </system-out>
</testsuite> <!-- com.itview.testng.OrangeHRM -->
