<?xml version="1.0" encoding="UTF-8"?>
<!-- Generated by org.testng.reporters.JUnitReportReporter -->
<testsuite skipped="0" hostname="DESKTOP-M0UH53U" name="com.itview.testng.LoginTestCase" tests="3" failures="0" timestamp="2023-10-21T11:48:39 IST" time="21.788" errors="0">
  <testcase name="adminLoginTest" time="13.969" classname="com.itview.testng.LoginTestCase"/>
  <system-out>
    <![CDATA[Test Case Passed : Test Case to verify Login functionality for Admin User]]>
  </system-out>
  <testcase name="testLoginTest" time="3.950" classname="com.itview.testng.LoginTestCase"/>
  <system-out>
    <![CDATA[Test Case Passed : Test Case to verify Login functionality for test User]]>
  </system-out>
  <testcase name="jsmithLoginTest" time="3.869" classname="com.itview.testng.LoginTestCase"/>
  <system-out>
    <![CDATA[Test Case Passed : Test Case to verify Login functionality for JSmith User]]>
  </system-out>
</testsuite> <!-- com.itview.testng.LoginTestCase -->
